-------------------------------------------------------------------------------
Test set: com.example.poc_selenium4.FlowTest
-------------------------------------------------------------------------------
Tests run: 1, Failures: 1, Errors: 0, Skipped: 0, Time elapsed: 10.15 s <<< FAILURE! - in com.example.poc_selenium4.FlowTest
trendingVideosDisplayed  Time elapsed: 10.097 s  <<< FAILURE!
org.opentest4j.AssertionFailedError: 

expected: 50
 but was: 60
	at com.example.poc_selenium4.FlowTest.trendingVideosDisplayed(FlowTest.kt:25)

